

PASCAL-80 Compiler V2.0           :F1:FIG33.PAS                                 Page: 1


ISIS-II PASCAL-80 Compiler V2.0 invoked by:
>:F1:COMP.COD :F1:FIG33.PAS 


  Line Seg Proc Lev Disp

     1   1    1        1  {
     2   1    1        1  THIS PROGRAM ILLUSTRATES THE USE OF THE PREDECLARED PROCEDURES
     3   1    1        1  READ AND READLN:
     4   1    1        1  }
     5   1    1        1  
     6   1    1        1  PROGRAM THREE3;
     7   1    1        3  
     8   1    1        3    VAR
     9   1    1        3      A,B,C,Y,Z: CHAR;
    10   1    1        8      DATAFILE: TEXT;
    11   1    1       29      NUMBER: INTEGER;
    12   1    1       30  
    13   1    1   0    0    BEGIN  { 3-3 }
    14   1    1   1    0      REWRITE(DATAFILE,':LP:TDATA.DAT');  { CREATE A TEMPORARY FILE ON DRIVE 1 }
    15   1    1   1   36      WRITELN(DATAFILE,'AB');             { WRITE A TWO CHARACTER LINE }
    16   1    1   1   57      WRITELN(DATAFILE,'YZ');             { AND A TWO CHARACTER LINE }
    17   1    1   1   78      A := '1';                           { INITIALIZE VARIABLES }
    18   1    1   1   83      B := '2';
    19   1    1   1   88      C := '3';
    20   1    1   1   93      Y := '8';
    21   1    1   1   98      Z := '9';
    22   1    1   1  103      WRITELN(DATAFILE,A,B,C,Y,Z);           { C := ' ' SINCE AT END-OF-LINE }
    23   1    1   1  157      WRITELN(A,B,C,Y,Z);                 { DISPLAY THE VALUES }
    24   1    1   1  217      FOR NUMBER := 1 TO 10 DO
    25   1    1   2  232        WRITELN (DATAFILE, 'THE NUMBER IS', NUMBER:2);
    26   1    1   1  282      WRITELN(A,B,C,Y,Z);
    27   1    1   1  342      CLOSE(DATAFILE);
    28   1    1   0  352   END.





























PASCAL-80 Compiler V2.0           :F1:FIG33.PAS                                 Page: 2



Procedure/Function Statistics:


Name        P/F   Seg   Proc   Lev   Param Size   Local Vars   Total Data   Code Size

THREE3       P      1      1     0         4           56           72         374






Symbol table space remaining : 14508 bytes
28 lines compiled
No errors detected













































