

PASCAL-80 Compiler V2.0           :F1:FIG31.PAS                                 Page: 1


ISIS-II PASCAL-80 Compiler V2.0 invoked by:
>:F1:COMP.COD :F1:FIG31.PAS 


  Line Seg Proc Lev Disp

     1   1    1        1  {
     2   1    1        1  THIS PROGRAM ILLUSTRATES THE USE OF THE PREDECLARED PROCEDURES
     3   1    1        1  RESET, REWRITE, GET, PUT, AND CLOSE:
     4   1    1        1  }
     5   1    1        1  
     6   1    1        1  PROGRAM THREE1(INPUT,OUTPUT,:LP:);
     7   1    1        3  
     8   1    1        3    VAR
     9   1    1        3      I: INTEGER;
    10   1    1        4      DATAFILE: FILE OF INTEGER;
    11   1    1       25  
    12   1    1   0    0    BEGIN  { 3-1 }
    13   1    1   1    0      REWRITE(DATAFILE,':LP:DDATA.DAT');  { CREATE DDATA.DAT ON DRIVE 1 }
    14   1    1   1   34      FOR I := 0 TO 10 DO                 { WRITE 0..10 ONTO THE FILE }
    15   1    1   2   48        BEGIN
    16   1    1   3   50          DATAFILE^ := I;
    17   1    1   3   55          PUT(DATAFILE);
    18   1    1   2   64        END;
    19   1    1   1   73        WRITELN(DATAFILE^:5);
    20   1    1   1   94      CLOSE(DATAFILE);                    { AND THEN CLOSE THE FILE }
    21   1    1   0  104    END.




































PASCAL-80 Compiler V2.0           :F1:FIG31.PAS                                 Page: 2



Procedure/Function Statistics:


Name        P/F   Seg   Proc   Lev   Param Size   Local Vars   Total Data   Code Size

THREE1       P      1      1     0         4           46           62         126






Symbol table space remaining : 14612 bytes
21 lines compiled
No errors detected













































